2020-01-26T05:03:39.778Z [32minfo[39m: 	/Users/lineghanem/Desktop/VolunTrex/server/src/database/database.js Attempting to connect to database
2020-01-26T05:03:39.781Z [32minfo[39m: 	/Users/lineghanem/Desktop/VolunTrex/server/src/resolvers/queries.jsQuerying with GraphQL
2020-01-26T05:03:39.793Z [32minfo[39m: 	/Users/lineghanem/Desktop/VolunTrex/server/src/database/database.js Connected to database
2020-01-26T05:03:39.793Z [32minfo[39m: 	/Users/lineghanem/Desktop/VolunTrex/server/src/database/database.js Connected to database
2020-01-26T05:03:39.793Z [32minfo[39m: 	/Users/lineghanem/Desktop/VolunTrex/server/src/database/database.js Connected to database
2020-01-26T05:16:45.328Z [32minfo[39m: 	/Users/lineghanem/Desktop/VolunTrex/server/src/database/database.js Attempting to connect to database
2020-01-26T05:16:45.335Z [32minfo[39m: 	/Users/lineghanem/Desktop/VolunTrex/server/src/resolvers/queries.jsQuerying with GraphQL
2020-01-26T05:16:45.352Z [32minfo[39m: 	/Users/lineghanem/Desktop/VolunTrex/server/src/database/database.js Connected to database
2020-01-26T05:16:45.352Z [32minfo[39m: 	/Users/lineghanem/Desktop/VolunTrex/server/src/database/database.js Connected to database
2020-01-26T05:16:45.352Z [32minfo[39m: 	/Users/lineghanem/Desktop/VolunTrex/server/src/database/database.js Connected to database
2020-01-26T05:16:56.473Z [32minfo[39m: 	/Users/lineghanem/Desktop/VolunTrex/server/src/resolvers/associations.js Trying to query: SELECT * FROM associations WHERE association_id IN
                    (SELECT association_id FROM events WHERE event_id IN
                    (SELECT event_id FROM volunteering INNER JOIN users
                        WHERE volunteering.user_id = '2'
                        and users.user_id = '2'))
2020-01-26T05:16:56.510Z [32minfo[39m: 	/Users/lineghanem/Desktop/VolunTrex/server/src/resolvers/associations.jsSELECT * FROM associations WHERE association_id IN
                    (SELECT association_id FROM events WHERE event_id IN
                    (SELECT event_id FROM volunteering INNER JOIN users
                        WHERE volunteering.user_id = '2'
                        and users.user_id = '2'))successfully queried
2020-01-26T05:39:03.592Z [32minfo[39m: 	/Users/lineghanem/Desktop/VolunTrex/server/src/database/database.js Attempting to connect to database
2020-01-26T05:39:03.597Z [32minfo[39m: 	/Users/lineghanem/Desktop/VolunTrex/server/src/resolvers/queries.jsQuerying with GraphQL
2020-01-26T05:39:03.607Z [32minfo[39m: 	/Users/lineghanem/Desktop/VolunTrex/server/src/database/database.js Connected to database
2020-01-26T05:39:03.607Z [32minfo[39m: 	/Users/lineghanem/Desktop/VolunTrex/server/src/database/database.js Connected to database
2020-01-26T05:39:03.608Z [32minfo[39m: 	/Users/lineghanem/Desktop/VolunTrex/server/src/database/database.js Connected to database
